2020-03-12 19:29:38.189 [main] INFO  com.miaosha.App - Starting App on SC-201904201648 with PID 23964 (D:\workspace_idea\miaosha\target\classes started by Administrator in D:\workspace_idea\miaosha)
2020-03-12 19:29:38.196 [main] INFO  com.miaosha.App - No active profile set, falling back to default profiles: default
2020-03-12 19:29:42.303 [main] INFO  o.s.boot.web.embedded.tomcat.TomcatWebServer - Tomcat initialized with port(s): 8080 (http)
2020-03-12 19:29:42.320 [main] INFO  org.apache.coyote.http11.Http11NioProtocol - Initializing ProtocolHandler ["http-nio-8080"]
2020-03-12 19:29:42.321 [main] INFO  org.apache.catalina.core.StandardService - Starting service [Tomcat]
2020-03-12 19:29:42.326 [main] INFO  org.apache.catalina.core.StandardEngine - Starting Servlet engine: [Apache Tomcat/9.0.30]
2020-03-12 19:29:42.516 [main] INFO  o.a.c.core.ContainerBase.[Tomcat].[localhost].[/] - Initializing Spring embedded WebApplicationContext
2020-03-12 19:29:42.516 [main] INFO  org.springframework.web.context.ContextLoader - Root WebApplicationContext: initialization completed in 4179 ms
2020-03-12 19:29:43.770 [main] INFO  o.s.scheduling.concurrent.ThreadPoolTaskExecutor - Initializing ExecutorService 'applicationTaskExecutor'
2020-03-12 19:29:44.128 [main] INFO  org.apache.coyote.http11.Http11NioProtocol - Starting ProtocolHandler ["http-nio-8080"]
2020-03-12 19:29:44.171 [main] INFO  o.s.boot.web.embedded.tomcat.TomcatWebServer - Tomcat started on port(s): 8080 (http) with context path ''
2020-03-12 19:29:44.177 [main] INFO  com.miaosha.App - Started App in 7.457 seconds (JVM running for 8.4)
2020-03-12 19:29:54.504 [http-nio-8080-exec-1] INFO  o.a.c.core.ContainerBase.[Tomcat].[localhost].[/] - Initializing Spring DispatcherServlet 'dispatcherServlet'
2020-03-12 19:29:54.505 [http-nio-8080-exec-1] INFO  org.springframework.web.servlet.DispatcherServlet - Initializing Servlet 'dispatcherServlet'
2020-03-12 19:29:54.517 [http-nio-8080-exec-1] INFO  org.springframework.web.servlet.DispatcherServlet - Completed initialization in 12 ms
2020-03-12 19:29:54.789 [http-nio-8080-exec-1] INFO  com.alibaba.druid.pool.DruidDataSource - {dataSource-1} inited
2020-03-12 19:30:26.317 [main] INFO  com.miaosha.App - Starting App on SC-201904201648 with PID 36948 (D:\workspace_idea\miaosha\target\classes started by Administrator in D:\workspace_idea\miaosha)
2020-03-12 19:30:26.324 [main] INFO  com.miaosha.App - No active profile set, falling back to default profiles: default
2020-03-12 19:30:30.449 [main] INFO  o.s.boot.web.embedded.tomcat.TomcatWebServer - Tomcat initialized with port(s): 8080 (http)
2020-03-12 19:30:30.469 [main] INFO  org.apache.coyote.http11.Http11NioProtocol - Initializing ProtocolHandler ["http-nio-8080"]
2020-03-12 19:30:30.470 [main] INFO  org.apache.catalina.core.StandardService - Starting service [Tomcat]
2020-03-12 19:30:30.471 [main] INFO  org.apache.catalina.core.StandardEngine - Starting Servlet engine: [Apache Tomcat/9.0.30]
2020-03-12 19:30:30.657 [main] INFO  o.a.c.core.ContainerBase.[Tomcat].[localhost].[/] - Initializing Spring embedded WebApplicationContext
2020-03-12 19:30:30.657 [main] INFO  org.springframework.web.context.ContextLoader - Root WebApplicationContext: initialization completed in 4165 ms
2020-03-12 19:30:32.105 [main] INFO  o.s.scheduling.concurrent.ThreadPoolTaskExecutor - Initializing ExecutorService 'applicationTaskExecutor'
2020-03-12 19:30:32.520 [main] INFO  org.apache.coyote.http11.Http11NioProtocol - Starting ProtocolHandler ["http-nio-8080"]
2020-03-12 19:30:32.565 [main] INFO  o.s.boot.web.embedded.tomcat.TomcatWebServer - Tomcat started on port(s): 8080 (http) with context path ''
2020-03-12 19:30:32.569 [main] INFO  com.miaosha.App - Started App in 7.769 seconds (JVM running for 8.808)
2020-03-12 19:30:42.978 [http-nio-8080-exec-1] INFO  o.a.c.core.ContainerBase.[Tomcat].[localhost].[/] - Initializing Spring DispatcherServlet 'dispatcherServlet'
2020-03-12 19:30:42.979 [http-nio-8080-exec-1] INFO  org.springframework.web.servlet.DispatcherServlet - Initializing Servlet 'dispatcherServlet'
2020-03-12 19:30:42.994 [http-nio-8080-exec-1] INFO  org.springframework.web.servlet.DispatcherServlet - Completed initialization in 15 ms
2020-03-12 19:30:43.282 [http-nio-8080-exec-1] INFO  com.alibaba.druid.pool.DruidDataSource - {dataSource-1} inited
